2017-12-12 14:40:18 [INFO]-[org.springframework.context.support.ClassPathXmlApplicationContext] Refreshing org.springframework.context.support.ClassPathXmlApplicationContext@246ae04d: startup date [Tue Dec 12 14:40:18 CST 2017]; root of context hierarchy
  2017-12-12 14:40:18 [INFO]-[org.springframework.beans.factory.xml.XmlBeanDefinitionReader] Loading XML bean definitions from class path resource [resources/spring.xml]
  2017-12-12 14:40:18 [INFO]-[org.springframework.beans.factory.xml.XmlBeanDefinitionReader] Loading XML bean definitions from class path resource [resources/spring-mvc.xml]
  2017-12-12 14:40:18 [INFO]-[org.springframework.context.support.PropertySourcesPlaceholderConfigurer] Loading properties file from class path resource [resources/db.properties]
  2017-12-12 14:40:19 [INFO]-[org.springframework.web.servlet.handler.SimpleUrlHandlerMapping] Mapped URL path [/**] onto handler 'org.springframework.web.servlet.resource.DefaultServletHttpRequestHandler#0'
  2017-12-12 14:40:19 [INFO]-[org.springframework.web.servlet.handler.SimpleUrlHandlerMapping] Mapped URL path [/static/**] onto handler 'org.springframework.web.servlet.resource.ResourceHttpRequestHandler#0'
  2017-12-12 14:40:19 [INFO]-[org.springframework.web.servlet.mvc.method.annotation.RequestMappingHandlerMapping] Mapped "{[/customer/add],methods=[POST]}" onto public java.lang.String com.jiagou.customermgr.web.CustomerController.add(com.jiagou.customermgr.vo.CustomerModel)
  2017-12-12 14:40:19 [INFO]-[org.springframework.web.servlet.mvc.method.annotation.RequestMappingHandlerMapping] Mapped "{[/customer/toList],methods=[GET]}" onto public java.lang.String com.jiagou.customermgr.web.CustomerController.toList(com.jiagou.customermgr.web.CustomerWebModel,org.springframework.ui.Model)
  2017-12-12 14:40:19 [INFO]-[org.springframework.web.servlet.mvc.method.annotation.RequestMappingHandlerMapping] Mapped "{[/customer/toUpdate/{customerUuid}],methods=[GET]}" onto public java.lang.String com.jiagou.customermgr.web.CustomerController.toUpdate(org.springframework.ui.Model,int)
  2017-12-12 14:40:19 [INFO]-[org.springframework.web.servlet.mvc.method.annotation.RequestMappingHandlerMapping] Mapped "{[/customer/toAdd],methods=[GET]}" onto public java.lang.String com.jiagou.customermgr.web.CustomerController.toAdd()
  2017-12-12 14:40:19 [INFO]-[org.springframework.web.servlet.mvc.method.annotation.RequestMappingHandlerMapping] Mapped "{[/customer/delete],methods=[POST]}" onto public java.lang.String com.jiagou.customermgr.web.CustomerController.post(int)
  2017-12-12 14:40:19 [INFO]-[org.springframework.web.servlet.mvc.method.annotation.RequestMappingHandlerMapping] Mapped "{[/customer/update],methods=[POST]}" onto public java.lang.String com.jiagou.customermgr.web.CustomerController.post(com.jiagou.customermgr.vo.CustomerModel)
  2017-12-12 14:40:19 [INFO]-[org.springframework.web.servlet.mvc.method.annotation.RequestMappingHandlerMapping] Mapped "{[/customer/toDelete/{customerUuid}],methods=[GET]}" onto public java.lang.String com.jiagou.customermgr.web.CustomerController.toDelete(org.springframework.ui.Model,int)
  2017-12-12 14:40:19 [INFO]-[org.springframework.web.servlet.mvc.method.annotation.RequestMappingHandlerMapping] Mapped "{[/customer/toQuery],methods=[GET]}" onto public java.lang.String com.jiagou.customermgr.web.CustomerController.toQuery()
  2017-12-12 14:40:19 [INFO]-[org.springframework.web.servlet.mvc.method.annotation.RequestMappingHandlerAdapter] Looking for @ControllerAdvice: org.springframework.context.support.ClassPathXmlApplicationContext@246ae04d: startup date [Tue Dec 12 14:40:18 CST 2017]; root of context hierarchy
  2017-12-12 14:40:19 [INFO]-[org.springframework.web.servlet.mvc.method.annotation.RequestMappingHandlerAdapter] Looking for @ControllerAdvice: org.springframework.context.support.ClassPathXmlApplicationContext@246ae04d: startup date [Tue Dec 12 14:40:18 CST 2017]; root of context hierarchy
  2017-12-12 14:40:19 [INFO]-[com.alibaba.druid.pool.DruidDataSource] {dataSource-1} inited
  2017-12-12 16:02:22 [INFO]-[org.springframework.context.support.ClassPathXmlApplicationContext] Refreshing org.springframework.context.support.ClassPathXmlApplicationContext@33a10788: startup date [Tue Dec 12 16:02:22 CST 2017]; root of context hierarchy
  2017-12-12 16:02:23 [INFO]-[org.springframework.beans.factory.xml.XmlBeanDefinitionReader] Loading XML bean definitions from class path resource [resources/spring.xml]
  2017-12-12 16:02:24 [INFO]-[org.springframework.beans.factory.xml.XmlBeanDefinitionReader] Loading XML bean definitions from class path resource [resources/spring-mvc.xml]
  2017-12-12 16:02:25 [INFO]-[org.springframework.context.support.PropertySourcesPlaceholderConfigurer] Loading properties file from class path resource [resources/db.properties]
  2017-12-12 16:02:27 [INFO]-[org.springframework.web.servlet.handler.SimpleUrlHandlerMapping] Mapped URL path [/**] onto handler 'org.springframework.web.servlet.resource.DefaultServletHttpRequestHandler#0'
  2017-12-12 16:02:27 [INFO]-[org.springframework.web.servlet.handler.SimpleUrlHandlerMapping] Mapped URL path [/static/**] onto handler 'org.springframework.web.servlet.resource.ResourceHttpRequestHandler#0'
  2017-12-12 16:02:27 [INFO]-[org.springframework.web.servlet.mvc.method.annotation.RequestMappingHandlerMapping] Mapped "{[/customer/add],methods=[POST]}" onto public java.lang.String com.jiagou.customermgr.web.CustomerController.add(com.jiagou.customermgr.vo.CustomerModel)
  2017-12-12 16:02:27 [INFO]-[org.springframework.web.servlet.mvc.method.annotation.RequestMappingHandlerMapping] Mapped "{[/customer/toList],methods=[GET]}" onto public java.lang.String com.jiagou.customermgr.web.CustomerController.toList(com.jiagou.customermgr.web.CustomerWebModel,org.springframework.ui.Model)
  2017-12-12 16:02:27 [INFO]-[org.springframework.web.servlet.mvc.method.annotation.RequestMappingHandlerMapping] Mapped "{[/customer/toDelete/{customerUuid}],methods=[GET]}" onto public java.lang.String com.jiagou.customermgr.web.CustomerController.toDelete(org.springframework.ui.Model,int)
  2017-12-12 16:02:27 [INFO]-[org.springframework.web.servlet.mvc.method.annotation.RequestMappingHandlerMapping] Mapped "{[/customer/toUpdate/{customerUuid}],methods=[GET]}" onto public java.lang.String com.jiagou.customermgr.web.CustomerController.toUpdate(org.springframework.ui.Model,int)
  2017-12-12 16:02:27 [INFO]-[org.springframework.web.servlet.mvc.method.annotation.RequestMappingHandlerMapping] Mapped "{[/customer/toAdd],methods=[GET]}" onto public java.lang.String com.jiagou.customermgr.web.CustomerController.toAdd()
  2017-12-12 16:02:27 [INFO]-[org.springframework.web.servlet.mvc.method.annotation.RequestMappingHandlerMapping] Mapped "{[/customer/delete],methods=[POST]}" onto public java.lang.String com.jiagou.customermgr.web.CustomerController.post(int)
  2017-12-12 16:02:27 [INFO]-[org.springframework.web.servlet.mvc.method.annotation.RequestMappingHandlerMapping] Mapped "{[/customer/update],methods=[POST]}" onto public java.lang.String com.jiagou.customermgr.web.CustomerController.post(com.jiagou.customermgr.vo.CustomerModel)
  2017-12-12 16:02:27 [INFO]-[org.springframework.web.servlet.mvc.method.annotation.RequestMappingHandlerMapping] Mapped "{[/customer/toQuery],methods=[GET]}" onto public java.lang.String com.jiagou.customermgr.web.CustomerController.toQuery()
  2017-12-12 16:02:27 [INFO]-[org.springframework.web.servlet.mvc.method.annotation.RequestMappingHandlerAdapter] Looking for @ControllerAdvice: org.springframework.context.support.ClassPathXmlApplicationContext@33a10788: startup date [Tue Dec 12 16:02:22 CST 2017]; root of context hierarchy
  2017-12-12 16:02:27 [INFO]-[org.springframework.web.servlet.mvc.method.annotation.RequestMappingHandlerAdapter] Looking for @ControllerAdvice: org.springframework.context.support.ClassPathXmlApplicationContext@33a10788: startup date [Tue Dec 12 16:02:22 CST 2017]; root of context hierarchy
  2017-12-12 16:02:28 [INFO]-[com.alibaba.druid.pool.DruidDataSource] {dataSource-1} inited
  2017-12-12 16:04:15 [INFO]-[org.springframework.context.support.ClassPathXmlApplicationContext] Refreshing org.springframework.context.support.ClassPathXmlApplicationContext@33a10788: startup date [Tue Dec 12 16:04:15 CST 2017]; root of context hierarchy
  2017-12-12 16:04:15 [INFO]-[org.springframework.beans.factory.xml.XmlBeanDefinitionReader] Loading XML bean definitions from class path resource [resources/spring.xml]
  2017-12-12 16:04:15 [INFO]-[org.springframework.beans.factory.xml.XmlBeanDefinitionReader] Loading XML bean definitions from class path resource [resources/spring-mvc.xml]
  2017-12-12 16:04:15 [INFO]-[org.springframework.context.support.PropertySourcesPlaceholderConfigurer] Loading properties file from class path resource [resources/db.properties]
  2017-12-12 16:04:16 [INFO]-[org.springframework.web.servlet.handler.SimpleUrlHandlerMapping] Mapped URL path [/**] onto handler 'org.springframework.web.servlet.resource.DefaultServletHttpRequestHandler#0'
  2017-12-12 16:04:16 [INFO]-[org.springframework.web.servlet.handler.SimpleUrlHandlerMapping] Mapped URL path [/static/**] onto handler 'org.springframework.web.servlet.resource.ResourceHttpRequestHandler#0'
  2017-12-12 16:04:16 [INFO]-[org.springframework.web.servlet.mvc.method.annotation.RequestMappingHandlerMapping] Mapped "{[/customer/add],methods=[POST]}" onto public java.lang.String com.jiagou.customermgr.web.CustomerController.add(com.jiagou.customermgr.vo.CustomerModel)
  2017-12-12 16:04:16 [INFO]-[org.springframework.web.servlet.mvc.method.annotation.RequestMappingHandlerMapping] Mapped "{[/customer/toList],methods=[GET]}" onto public java.lang.String com.jiagou.customermgr.web.CustomerController.toList(com.jiagou.customermgr.web.CustomerWebModel,org.springframework.ui.Model)
  2017-12-12 16:04:16 [INFO]-[org.springframework.web.servlet.mvc.method.annotation.RequestMappingHandlerMapping] Mapped "{[/customer/toDelete/{customerUuid}],methods=[GET]}" onto public java.lang.String com.jiagou.customermgr.web.CustomerController.toDelete(org.springframework.ui.Model,int)
  2017-12-12 16:04:16 [INFO]-[org.springframework.web.servlet.mvc.method.annotation.RequestMappingHandlerMapping] Mapped "{[/customer/toUpdate/{customerUuid}],methods=[GET]}" onto public java.lang.String com.jiagou.customermgr.web.CustomerController.toUpdate(org.springframework.ui.Model,int)
  2017-12-12 16:04:16 [INFO]-[org.springframework.web.servlet.mvc.method.annotation.RequestMappingHandlerMapping] Mapped "{[/customer/toAdd],methods=[GET]}" onto public java.lang.String com.jiagou.customermgr.web.CustomerController.toAdd()
  2017-12-12 16:04:16 [INFO]-[org.springframework.web.servlet.mvc.method.annotation.RequestMappingHandlerMapping] Mapped "{[/customer/delete],methods=[POST]}" onto public java.lang.String com.jiagou.customermgr.web.CustomerController.post(int)
  2017-12-12 16:04:16 [INFO]-[org.springframework.web.servlet.mvc.method.annotation.RequestMappingHandlerMapping] Mapped "{[/customer/update],methods=[POST]}" onto public java.lang.String com.jiagou.customermgr.web.CustomerController.post(com.jiagou.customermgr.vo.CustomerModel)
  2017-12-12 16:04:16 [INFO]-[org.springframework.web.servlet.mvc.method.annotation.RequestMappingHandlerMapping] Mapped "{[/customer/toQuery],methods=[GET]}" onto public java.lang.String com.jiagou.customermgr.web.CustomerController.toQuery()
  2017-12-12 16:04:16 [INFO]-[org.springframework.web.servlet.mvc.method.annotation.RequestMappingHandlerAdapter] Looking for @ControllerAdvice: org.springframework.context.support.ClassPathXmlApplicationContext@33a10788: startup date [Tue Dec 12 16:04:15 CST 2017]; root of context hierarchy
  2017-12-12 16:04:16 [INFO]-[org.springframework.web.servlet.mvc.method.annotation.RequestMappingHandlerAdapter] Looking for @ControllerAdvice: org.springframework.context.support.ClassPathXmlApplicationContext@33a10788: startup date [Tue Dec 12 16:04:15 CST 2017]; root of context hierarchy
  2017-12-12 16:04:16 [INFO]-[com.alibaba.druid.pool.DruidDataSource] {dataSource-1} inited
  2017-12-12 16:05:08 [INFO]-[org.springframework.context.support.ClassPathXmlApplicationContext] Refreshing org.springframework.context.support.ClassPathXmlApplicationContext@33a10788: startup date [Tue Dec 12 16:05:08 CST 2017]; root of context hierarchy
  2017-12-12 16:05:08 [INFO]-[org.springframework.beans.factory.xml.XmlBeanDefinitionReader] Loading XML bean definitions from class path resource [resources/spring.xml]
  2017-12-12 16:05:08 [INFO]-[org.springframework.beans.factory.xml.XmlBeanDefinitionReader] Loading XML bean definitions from class path resource [resources/spring-mvc.xml]
  2017-12-12 16:05:08 [INFO]-[org.springframework.context.support.PropertySourcesPlaceholderConfigurer] Loading properties file from class path resource [resources/db.properties]
  2017-12-12 16:05:09 [INFO]-[org.springframework.web.servlet.handler.SimpleUrlHandlerMapping] Mapped URL path [/**] onto handler 'org.springframework.web.servlet.resource.DefaultServletHttpRequestHandler#0'
  2017-12-12 16:05:09 [INFO]-[org.springframework.web.servlet.handler.SimpleUrlHandlerMapping] Mapped URL path [/static/**] onto handler 'org.springframework.web.servlet.resource.ResourceHttpRequestHandler#0'
  2017-12-12 16:05:09 [INFO]-[org.springframework.web.servlet.mvc.method.annotation.RequestMappingHandlerMapping] Mapped "{[/customer/add],methods=[POST]}" onto public java.lang.String com.jiagou.customermgr.web.CustomerController.add(com.jiagou.customermgr.vo.CustomerModel)
  2017-12-12 16:05:09 [INFO]-[org.springframework.web.servlet.mvc.method.annotation.RequestMappingHandlerMapping] Mapped "{[/customer/toList],methods=[GET]}" onto public java.lang.String com.jiagou.customermgr.web.CustomerController.toList(com.jiagou.customermgr.web.CustomerWebModel,org.springframework.ui.Model)
  2017-12-12 16:05:09 [INFO]-[org.springframework.web.servlet.mvc.method.annotation.RequestMappingHandlerMapping] Mapped "{[/customer/toDelete/{customerUuid}],methods=[GET]}" onto public java.lang.String com.jiagou.customermgr.web.CustomerController.toDelete(org.springframework.ui.Model,int)
  2017-12-12 16:05:09 [INFO]-[org.springframework.web.servlet.mvc.method.annotation.RequestMappingHandlerMapping] Mapped "{[/customer/toUpdate/{customerUuid}],methods=[GET]}" onto public java.lang.String com.jiagou.customermgr.web.CustomerController.toUpdate(org.springframework.ui.Model,int)
  2017-12-12 16:05:09 [INFO]-[org.springframework.web.servlet.mvc.method.annotation.RequestMappingHandlerMapping] Mapped "{[/customer/toAdd],methods=[GET]}" onto public java.lang.String com.jiagou.customermgr.web.CustomerController.toAdd()
  2017-12-12 16:05:09 [INFO]-[org.springframework.web.servlet.mvc.method.annotation.RequestMappingHandlerMapping] Mapped "{[/customer/toQuery],methods=[GET]}" onto public java.lang.String com.jiagou.customermgr.web.CustomerController.toQuery()
  2017-12-12 16:05:09 [INFO]-[org.springframework.web.servlet.mvc.method.annotation.RequestMappingHandlerMapping] Mapped "{[/customer/delete],methods=[POST]}" onto public java.lang.String com.jiagou.customermgr.web.CustomerController.post(int)
  2017-12-12 16:05:09 [INFO]-[org.springframework.web.servlet.mvc.method.annotation.RequestMappingHandlerMapping] Mapped "{[/customer/update],methods=[POST]}" onto public java.lang.String com.jiagou.customermgr.web.CustomerController.post(com.jiagou.customermgr.vo.CustomerModel)
  2017-12-12 16:05:09 [INFO]-[org.springframework.web.servlet.mvc.method.annotation.RequestMappingHandlerAdapter] Looking for @ControllerAdvice: org.springframework.context.support.ClassPathXmlApplicationContext@33a10788: startup date [Tue Dec 12 16:05:08 CST 2017]; root of context hierarchy
  2017-12-12 16:05:09 [INFO]-[org.springframework.web.servlet.mvc.method.annotation.RequestMappingHandlerAdapter] Looking for @ControllerAdvice: org.springframework.context.support.ClassPathXmlApplicationContext@33a10788: startup date [Tue Dec 12 16:05:08 CST 2017]; root of context hierarchy
  2017-12-12 16:05:09 [INFO]-[com.alibaba.druid.pool.DruidDataSource] {dataSource-1} inited
  2017-12-12 16:05:38 [INFO]-[org.springframework.context.support.ClassPathXmlApplicationContext] Refreshing org.springframework.context.support.ClassPathXmlApplicationContext@33a10788: startup date [Tue Dec 12 16:05:38 CST 2017]; root of context hierarchy
  2017-12-12 16:05:38 [INFO]-[org.springframework.beans.factory.xml.XmlBeanDefinitionReader] Loading XML bean definitions from class path resource [resources/spring.xml]
  2017-12-12 16:05:38 [INFO]-[org.springframework.beans.factory.xml.XmlBeanDefinitionReader] Loading XML bean definitions from class path resource [resources/spring-mvc.xml]
  2017-12-12 16:05:38 [INFO]-[org.springframework.context.support.PropertySourcesPlaceholderConfigurer] Loading properties file from class path resource [resources/db.properties]
  2017-12-12 16:05:39 [INFO]-[org.springframework.web.servlet.handler.SimpleUrlHandlerMapping] Mapped URL path [/**] onto handler 'org.springframework.web.servlet.resource.DefaultServletHttpRequestHandler#0'
  2017-12-12 16:05:39 [INFO]-[org.springframework.web.servlet.handler.SimpleUrlHandlerMapping] Mapped URL path [/static/**] onto handler 'org.springframework.web.servlet.resource.ResourceHttpRequestHandler#0'
  2017-12-12 16:05:39 [INFO]-[org.springframework.web.servlet.mvc.method.annotation.RequestMappingHandlerMapping] Mapped "{[/customer/add],methods=[POST]}" onto public java.lang.String com.jiagou.customermgr.web.CustomerController.add(com.jiagou.customermgr.vo.CustomerModel)
  2017-12-12 16:05:39 [INFO]-[org.springframework.web.servlet.mvc.method.annotation.RequestMappingHandlerMapping] Mapped "{[/customer/toList],methods=[GET]}" onto public java.lang.String com.jiagou.customermgr.web.CustomerController.toList(com.jiagou.customermgr.web.CustomerWebModel,org.springframework.ui.Model)
  2017-12-12 16:05:39 [INFO]-[org.springframework.web.servlet.mvc.method.annotation.RequestMappingHandlerMapping] Mapped "{[/customer/toDelete/{customerUuid}],methods=[GET]}" onto public java.lang.String com.jiagou.customermgr.web.CustomerController.toDelete(org.springframework.ui.Model,int)
  2017-12-12 16:05:39 [INFO]-[org.springframework.web.servlet.mvc.method.annotation.RequestMappingHandlerMapping] Mapped "{[/customer/toUpdate/{customerUuid}],methods=[GET]}" onto public java.lang.String com.jiagou.customermgr.web.CustomerController.toUpdate(org.springframework.ui.Model,int)
  2017-12-12 16:05:39 [INFO]-[org.springframework.web.servlet.mvc.method.annotation.RequestMappingHandlerMapping] Mapped "{[/customer/toAdd],methods=[GET]}" onto public java.lang.String com.jiagou.customermgr.web.CustomerController.toAdd()
  2017-12-12 16:05:39 [INFO]-[org.springframework.web.servlet.mvc.method.annotation.RequestMappingHandlerMapping] Mapped "{[/customer/toQuery],methods=[GET]}" onto public java.lang.String com.jiagou.customermgr.web.CustomerController.toQuery()
  2017-12-12 16:05:39 [INFO]-[org.springframework.web.servlet.mvc.method.annotation.RequestMappingHandlerMapping] Mapped "{[/customer/delete],methods=[POST]}" onto public java.lang.String com.jiagou.customermgr.web.CustomerController.post(int)
  2017-12-12 16:05:39 [INFO]-[org.springframework.web.servlet.mvc.method.annotation.RequestMappingHandlerMapping] Mapped "{[/customer/update],methods=[POST]}" onto public java.lang.String com.jiagou.customermgr.web.CustomerController.post(com.jiagou.customermgr.vo.CustomerModel)
  2017-12-12 16:05:39 [INFO]-[org.springframework.web.servlet.mvc.method.annotation.RequestMappingHandlerAdapter] Looking for @ControllerAdvice: org.springframework.context.support.ClassPathXmlApplicationContext@33a10788: startup date [Tue Dec 12 16:05:38 CST 2017]; root of context hierarchy
  2017-12-12 16:05:39 [INFO]-[org.springframework.web.servlet.mvc.method.annotation.RequestMappingHandlerAdapter] Looking for @ControllerAdvice: org.springframework.context.support.ClassPathXmlApplicationContext@33a10788: startup date [Tue Dec 12 16:05:38 CST 2017]; root of context hierarchy
  2017-12-12 16:05:39 [INFO]-[com.alibaba.druid.pool.DruidDataSource] {dataSource-1} inited
  2017-12-12 16:06:00 [INFO]-[org.springframework.context.support.ClassPathXmlApplicationContext] Refreshing org.springframework.context.support.ClassPathXmlApplicationContext@33a10788: startup date [Tue Dec 12 16:06:00 CST 2017]; root of context hierarchy
  2017-12-12 16:06:00 [INFO]-[org.springframework.beans.factory.xml.XmlBeanDefinitionReader] Loading XML bean definitions from class path resource [resources/spring.xml]
  2017-12-12 16:06:01 [INFO]-[org.springframework.beans.factory.xml.XmlBeanDefinitionReader] Loading XML bean definitions from class path resource [resources/spring-mvc.xml]
  2017-12-12 16:06:01 [INFO]-[org.springframework.context.support.PropertySourcesPlaceholderConfigurer] Loading properties file from class path resource [resources/db.properties]
  2017-12-12 16:06:01 [INFO]-[org.springframework.web.servlet.handler.SimpleUrlHandlerMapping] Mapped URL path [/**] onto handler 'org.springframework.web.servlet.resource.DefaultServletHttpRequestHandler#0'
  2017-12-12 16:06:01 [INFO]-[org.springframework.web.servlet.handler.SimpleUrlHandlerMapping] Mapped URL path [/static/**] onto handler 'org.springframework.web.servlet.resource.ResourceHttpRequestHandler#0'
  2017-12-12 16:06:01 [INFO]-[org.springframework.web.servlet.mvc.method.annotation.RequestMappingHandlerMapping] Mapped "{[/customer/add],methods=[POST]}" onto public java.lang.String com.jiagou.customermgr.web.CustomerController.add(com.jiagou.customermgr.vo.CustomerModel)
  2017-12-12 16:06:01 [INFO]-[org.springframework.web.servlet.mvc.method.annotation.RequestMappingHandlerMapping] Mapped "{[/customer/toList],methods=[GET]}" onto public java.lang.String com.jiagou.customermgr.web.CustomerController.toList(com.jiagou.customermgr.web.CustomerWebModel,org.springframework.ui.Model)
  2017-12-12 16:06:01 [INFO]-[org.springframework.web.servlet.mvc.method.annotation.RequestMappingHandlerMapping] Mapped "{[/customer/toDelete/{customerUuid}],methods=[GET]}" onto public java.lang.String com.jiagou.customermgr.web.CustomerController.toDelete(org.springframework.ui.Model,int)
  2017-12-12 16:06:01 [INFO]-[org.springframework.web.servlet.mvc.method.annotation.RequestMappingHandlerMapping] Mapped "{[/customer/toUpdate/{customerUuid}],methods=[GET]}" onto public java.lang.String com.jiagou.customermgr.web.CustomerController.toUpdate(org.springframework.ui.Model,int)
  2017-12-12 16:06:01 [INFO]-[org.springframework.web.servlet.mvc.method.annotation.RequestMappingHandlerMapping] Mapped "{[/customer/toAdd],methods=[GET]}" onto public java.lang.String com.jiagou.customermgr.web.CustomerController.toAdd()
  2017-12-12 16:06:01 [INFO]-[org.springframework.web.servlet.mvc.method.annotation.RequestMappingHandlerMapping] Mapped "{[/customer/toQuery],methods=[GET]}" onto public java.lang.String com.jiagou.customermgr.web.CustomerController.toQuery()
  2017-12-12 16:06:01 [INFO]-[org.springframework.web.servlet.mvc.method.annotation.RequestMappingHandlerMapping] Mapped "{[/customer/delete],methods=[POST]}" onto public java.lang.String com.jiagou.customermgr.web.CustomerController.post(int)
  2017-12-12 16:06:01 [INFO]-[org.springframework.web.servlet.mvc.method.annotation.RequestMappingHandlerMapping] Mapped "{[/customer/update],methods=[POST]}" onto public java.lang.String com.jiagou.customermgr.web.CustomerController.post(com.jiagou.customermgr.vo.CustomerModel)
  2017-12-12 16:06:01 [INFO]-[org.springframework.web.servlet.mvc.method.annotation.RequestMappingHandlerAdapter] Looking for @ControllerAdvice: org.springframework.context.support.ClassPathXmlApplicationContext@33a10788: startup date [Tue Dec 12 16:06:00 CST 2017]; root of context hierarchy
  2017-12-12 16:06:01 [INFO]-[org.springframework.web.servlet.mvc.method.annotation.RequestMappingHandlerAdapter] Looking for @ControllerAdvice: org.springframework.context.support.ClassPathXmlApplicationContext@33a10788: startup date [Tue Dec 12 16:06:00 CST 2017]; root of context hierarchy
  2017-12-12 16:06:02 [INFO]-[com.alibaba.druid.pool.DruidDataSource] {dataSource-1} inited
  