2017-12-12 14:15:27 [INFO]-[org.springframework.context.support.ClassPathXmlApplicationContext] Refreshing org.springframework.context.support.ClassPathXmlApplicationContext@33a10788: startup date [Tue Dec 12 14:15:26 CST 2017]; root of context hierarchy
  2017-12-12 14:15:27 [INFO]-[org.springframework.beans.factory.xml.XmlBeanDefinitionReader] Loading XML bean definitions from class path resource [resources/spring.xml]
  2017-12-12 14:15:28 [INFO]-[org.springframework.beans.factory.xml.XmlBeanDefinitionReader] Loading XML bean definitions from class path resource [resources/spring-mvc.xml]
  2017-12-12 14:15:29 [WARN]-[org.mybatis.spring.mapper.ClassPathMapperScanner] No MyBatis mapper was found in '[com.jiagou.goodsweb.dao]' package. Please check your configuration.
  2017-12-12 14:15:29 [INFO]-[org.springframework.context.support.PropertySourcesPlaceholderConfigurer] Loading properties file from class path resource [resources/db.properties]
  2017-12-12 14:15:29 [WARN]-[org.springframework.context.support.ClassPathXmlApplicationContext] Exception encountered during context initialization - cancelling refresh attempt: org.springframework.beans.factory.BeanCreationException: Error creating bean with name 'goodsService': Injection of autowired dependencies failed; nested exception is org.springframework.beans.factory.BeanCreationException: Could not autowire method: private void com.jiagou.goodsweb.service.GoodsService.setMapper(com.jiagou.goodsweb.dao.GoodsMapper); nested exception is org.springframework.beans.factory.NoSuchBeanDefinitionException: No qualifying bean of type [com.jiagou.goodsweb.dao.GoodsMapper] found for dependency: expected at least 1 bean which qualifies as autowire candidate for this dependency. Dependency annotations: {}
  2017-12-12 14:16:44 [INFO]-[org.springframework.context.support.ClassPathXmlApplicationContext] Refreshing org.springframework.context.support.ClassPathXmlApplicationContext@33a10788: startup date [Tue Dec 12 14:16:44 CST 2017]; root of context hierarchy
  2017-12-12 14:16:44 [INFO]-[org.springframework.beans.factory.xml.XmlBeanDefinitionReader] Loading XML bean definitions from class path resource [resources/spring.xml]
  2017-12-12 14:16:44 [INFO]-[org.springframework.beans.factory.xml.XmlBeanDefinitionReader] Loading XML bean definitions from class path resource [resources/spring-mvc.xml]
  2017-12-12 14:16:45 [WARN]-[org.mybatis.spring.mapper.ClassPathMapperScanner] No MyBatis mapper was found in '[com.jiagou.goodsweb.dao]' package. Please check your configuration.
  2017-12-12 14:16:45 [INFO]-[org.springframework.context.support.PropertySourcesPlaceholderConfigurer] Loading properties file from class path resource [resources/db.properties]
  2017-12-12 14:16:45 [WARN]-[org.springframework.context.support.ClassPathXmlApplicationContext] Exception encountered during context initialization - cancelling refresh attempt: org.springframework.beans.factory.BeanCreationException: Error creating bean with name 'goodsService': Injection of autowired dependencies failed; nested exception is org.springframework.beans.factory.BeanCreationException: Could not autowire method: public void com.jiagou.goodsweb.service.GoodsService.setMapper(com.jiagou.goodsweb.dao.GoodsMapper); nested exception is org.springframework.beans.factory.NoSuchBeanDefinitionException: No qualifying bean of type [com.jiagou.goodsweb.dao.GoodsMapper] found for dependency: expected at least 1 bean which qualifies as autowire candidate for this dependency. Dependency annotations: {}
  2017-12-12 14:19:38 [INFO]-[org.springframework.context.support.ClassPathXmlApplicationContext] Refreshing org.springframework.context.support.ClassPathXmlApplicationContext@33a10788: startup date [Tue Dec 12 14:19:38 CST 2017]; root of context hierarchy
  2017-12-12 14:19:38 [INFO]-[org.springframework.beans.factory.xml.XmlBeanDefinitionReader] Loading XML bean definitions from class path resource [resources/spring.xml]
  2017-12-12 14:19:38 [INFO]-[org.springframework.beans.factory.xml.XmlBeanDefinitionReader] Loading XML bean definitions from class path resource [resources/spring-mvc.xml]
  2017-12-12 14:19:38 [INFO]-[org.springframework.context.support.PropertySourcesPlaceholderConfigurer] Loading properties file from class path resource [resources/db.properties]
  2017-12-12 14:19:42 [INFO]-[org.springframework.web.servlet.handler.SimpleUrlHandlerMapping] Mapped URL path [/**] onto handler 'org.springframework.web.servlet.resource.DefaultServletHttpRequestHandler#0'
  2017-12-12 14:19:42 [INFO]-[org.springframework.web.servlet.handler.SimpleUrlHandlerMapping] Mapped URL path [/static/**] onto handler 'org.springframework.web.servlet.resource.ResourceHttpRequestHandler#0'
  2017-12-12 14:19:42 [INFO]-[org.springframework.web.servlet.mvc.method.annotation.RequestMappingHandlerMapping] Mapped "{[/goods/add],methods=[POST]}" onto public java.lang.String com.jiagou.goodsweb.web.GoodsController.add(com.jiagou.goodsweb.vo.GoodsModel)
  2017-12-12 14:19:42 [INFO]-[org.springframework.web.servlet.mvc.method.annotation.RequestMappingHandlerMapping] Mapped "{[/goods/toList],methods=[GET]}" onto public java.lang.String com.jiagou.goodsweb.web.GoodsController.toList(com.jiagou.goodsweb.web.GoodsWebModel,org.springframework.ui.Model)
  2017-12-12 14:19:42 [INFO]-[org.springframework.web.servlet.mvc.method.annotation.RequestMappingHandlerMapping] Mapped "{[/goods/toQuery],methods=[GET]}" onto public java.lang.String com.jiagou.goodsweb.web.GoodsController.toQuery()
  2017-12-12 14:19:42 [INFO]-[org.springframework.web.servlet.mvc.method.annotation.RequestMappingHandlerMapping] Mapped "{[/goods/toAdd],methods=[GET]}" onto public java.lang.String com.jiagou.goodsweb.web.GoodsController.toAdd()
  2017-12-12 14:19:42 [INFO]-[org.springframework.web.servlet.mvc.method.annotation.RequestMappingHandlerMapping] Mapped "{[/goods/toDelete/{uuid}],methods=[GET]}" onto public java.lang.String com.jiagou.goodsweb.web.GoodsController.toDelete(org.springframework.ui.Model,int)
  2017-12-12 14:19:42 [INFO]-[org.springframework.web.servlet.mvc.method.annotation.RequestMappingHandlerMapping] Mapped "{[/goods/update],methods=[POST]}" onto public java.lang.String com.jiagou.goodsweb.web.GoodsController.post(com.jiagou.goodsweb.vo.GoodsModel)
  2017-12-12 14:19:42 [INFO]-[org.springframework.web.servlet.mvc.method.annotation.RequestMappingHandlerMapping] Mapped "{[/goods/delete],methods=[POST]}" onto public java.lang.String com.jiagou.goodsweb.web.GoodsController.post(int)
  2017-12-12 14:19:42 [INFO]-[org.springframework.web.servlet.mvc.method.annotation.RequestMappingHandlerMapping] Mapped "{[/goods/toUpdate/{uuid}],methods=[GET]}" onto public java.lang.String com.jiagou.goodsweb.web.GoodsController.toUpdate(org.springframework.ui.Model,int)
  2017-12-12 14:19:43 [INFO]-[org.springframework.web.servlet.mvc.method.annotation.RequestMappingHandlerAdapter] Looking for @ControllerAdvice: org.springframework.context.support.ClassPathXmlApplicationContext@33a10788: startup date [Tue Dec 12 14:19:38 CST 2017]; root of context hierarchy
  2017-12-12 14:19:43 [INFO]-[org.springframework.web.servlet.mvc.method.annotation.RequestMappingHandlerAdapter] Looking for @ControllerAdvice: org.springframework.context.support.ClassPathXmlApplicationContext@33a10788: startup date [Tue Dec 12 14:19:38 CST 2017]; root of context hierarchy
  2017-12-12 14:19:45 [INFO]-[com.alibaba.druid.pool.DruidDataSource] {dataSource-1} inited
  2017-12-12 14:40:07 [INFO]-[org.springframework.context.support.ClassPathXmlApplicationContext] Refreshing org.springframework.context.support.ClassPathXmlApplicationContext@246ae04d: startup date [Tue Dec 12 14:40:07 CST 2017]; root of context hierarchy
  2017-12-12 14:40:07 [INFO]-[org.springframework.beans.factory.xml.XmlBeanDefinitionReader] Loading XML bean definitions from class path resource [resources/spring.xml]
  2017-12-12 14:40:08 [INFO]-[org.springframework.beans.factory.xml.XmlBeanDefinitionReader] Loading XML bean definitions from class path resource [resources/spring-mvc.xml]
  2017-12-12 14:40:09 [INFO]-[org.springframework.context.support.PropertySourcesPlaceholderConfigurer] Loading properties file from class path resource [resources/db.properties]
  2017-12-12 14:40:11 [INFO]-[org.springframework.web.servlet.handler.SimpleUrlHandlerMapping] Mapped URL path [/**] onto handler 'org.springframework.web.servlet.resource.DefaultServletHttpRequestHandler#0'
  2017-12-12 14:40:11 [INFO]-[org.springframework.web.servlet.handler.SimpleUrlHandlerMapping] Mapped URL path [/static/**] onto handler 'org.springframework.web.servlet.resource.ResourceHttpRequestHandler#0'
  2017-12-12 14:40:11 [INFO]-[org.springframework.web.servlet.mvc.method.annotation.RequestMappingHandlerMapping] Mapped "{[/goods/add],methods=[POST]}" onto public java.lang.String com.jiagou.goodsweb.web.GoodsController.add(com.jiagou.goodsweb.vo.GoodsModel)
  2017-12-12 14:40:11 [INFO]-[org.springframework.web.servlet.mvc.method.annotation.RequestMappingHandlerMapping] Mapped "{[/goods/toList],methods=[GET]}" onto public java.lang.String com.jiagou.goodsweb.web.GoodsController.toList(com.jiagou.goodsweb.web.GoodsWebModel,org.springframework.ui.Model)
  2017-12-12 14:40:11 [INFO]-[org.springframework.web.servlet.mvc.method.annotation.RequestMappingHandlerMapping] Mapped "{[/goods/toAdd],methods=[GET]}" onto public java.lang.String com.jiagou.goodsweb.web.GoodsController.toAdd()
  2017-12-12 14:40:11 [INFO]-[org.springframework.web.servlet.mvc.method.annotation.RequestMappingHandlerMapping] Mapped "{[/goods/toDelete/{uuid}],methods=[GET]}" onto public java.lang.String com.jiagou.goodsweb.web.GoodsController.toDelete(org.springframework.ui.Model,int)
  2017-12-12 14:40:11 [INFO]-[org.springframework.web.servlet.mvc.method.annotation.RequestMappingHandlerMapping] Mapped "{[/goods/delete],methods=[POST]}" onto public java.lang.String com.jiagou.goodsweb.web.GoodsController.post(int)
  2017-12-12 14:40:11 [INFO]-[org.springframework.web.servlet.mvc.method.annotation.RequestMappingHandlerMapping] Mapped "{[/goods/update],methods=[POST]}" onto public java.lang.String com.jiagou.goodsweb.web.GoodsController.post(com.jiagou.goodsweb.vo.GoodsModel)
  2017-12-12 14:40:11 [INFO]-[org.springframework.web.servlet.mvc.method.annotation.RequestMappingHandlerMapping] Mapped "{[/goods/toUpdate/{uuid}],methods=[GET]}" onto public java.lang.String com.jiagou.goodsweb.web.GoodsController.toUpdate(org.springframework.ui.Model,int)
  2017-12-12 14:40:11 [INFO]-[org.springframework.web.servlet.mvc.method.annotation.RequestMappingHandlerMapping] Mapped "{[/goods/toQuery],methods=[GET]}" onto public java.lang.String com.jiagou.goodsweb.web.GoodsController.toQuery()
  2017-12-12 14:40:12 [INFO]-[org.springframework.web.servlet.mvc.method.annotation.RequestMappingHandlerAdapter] Looking for @ControllerAdvice: org.springframework.context.support.ClassPathXmlApplicationContext@246ae04d: startup date [Tue Dec 12 14:40:07 CST 2017]; root of context hierarchy
  2017-12-12 14:40:12 [INFO]-[org.springframework.web.servlet.mvc.method.annotation.RequestMappingHandlerAdapter] Looking for @ControllerAdvice: org.springframework.context.support.ClassPathXmlApplicationContext@246ae04d: startup date [Tue Dec 12 14:40:07 CST 2017]; root of context hierarchy
  2017-12-12 14:40:13 [INFO]-[com.alibaba.druid.pool.DruidDataSource] {dataSource-1} inited
  2017-12-12 16:20:03 [INFO]-[org.springframework.context.support.ClassPathXmlApplicationContext] Refreshing org.springframework.context.support.ClassPathXmlApplicationContext@33a10788: startup date [Tue Dec 12 16:20:03 CST 2017]; root of context hierarchy
  2017-12-12 16:20:03 [INFO]-[org.springframework.beans.factory.xml.XmlBeanDefinitionReader] Loading XML bean definitions from class path resource [resources/spring.xml]
  2017-12-12 16:20:05 [INFO]-[org.springframework.beans.factory.xml.XmlBeanDefinitionReader] Loading XML bean definitions from class path resource [resources/spring-mvc.xml]
  2017-12-12 16:20:06 [INFO]-[org.springframework.context.support.PropertySourcesPlaceholderConfigurer] Loading properties file from class path resource [resources/db.properties]
  2017-12-12 16:20:09 [INFO]-[org.springframework.web.servlet.handler.SimpleUrlHandlerMapping] Mapped URL path [/**] onto handler 'org.springframework.web.servlet.resource.DefaultServletHttpRequestHandler#0'
  2017-12-12 16:20:09 [INFO]-[org.springframework.web.servlet.handler.SimpleUrlHandlerMapping] Mapped URL path [/static/**] onto handler 'org.springframework.web.servlet.resource.ResourceHttpRequestHandler#0'
  2017-12-12 16:20:10 [INFO]-[org.springframework.web.servlet.mvc.method.annotation.RequestMappingHandlerMapping] Mapped "{[/goods/add],methods=[POST]}" onto public java.lang.String com.jiagou.goodsweb.web.GoodsController.add(com.jiagou.goodsweb.vo.GoodsModel)
  2017-12-12 16:20:10 [INFO]-[org.springframework.web.servlet.mvc.method.annotation.RequestMappingHandlerMapping] Mapped "{[/goods/toList],methods=[GET]}" onto public java.lang.String com.jiagou.goodsweb.web.GoodsController.toList(com.jiagou.goodsweb.web.GoodsWebModel,org.springframework.ui.Model)
  2017-12-12 16:20:10 [INFO]-[org.springframework.web.servlet.mvc.method.annotation.RequestMappingHandlerMapping] Mapped "{[/goods/toDelete/{uuid}],methods=[GET]}" onto public java.lang.String com.jiagou.goodsweb.web.GoodsController.toDelete(org.springframework.ui.Model,int)
  2017-12-12 16:20:10 [INFO]-[org.springframework.web.servlet.mvc.method.annotation.RequestMappingHandlerMapping] Mapped "{[/goods/toUpdate/{uuid}],methods=[GET]}" onto public java.lang.String com.jiagou.goodsweb.web.GoodsController.toUpdate(org.springframework.ui.Model,int)
  2017-12-12 16:20:10 [INFO]-[org.springframework.web.servlet.mvc.method.annotation.RequestMappingHandlerMapping] Mapped "{[/goods/toAdd],methods=[GET]}" onto public java.lang.String com.jiagou.goodsweb.web.GoodsController.toAdd()
  2017-12-12 16:20:10 [INFO]-[org.springframework.web.servlet.mvc.method.annotation.RequestMappingHandlerMapping] Mapped "{[/goods/delete],methods=[POST]}" onto public java.lang.String com.jiagou.goodsweb.web.GoodsController.post(int)
  2017-12-12 16:20:10 [INFO]-[org.springframework.web.servlet.mvc.method.annotation.RequestMappingHandlerMapping] Mapped "{[/goods/update],methods=[POST]}" onto public java.lang.String com.jiagou.goodsweb.web.GoodsController.post(com.jiagou.goodsweb.vo.GoodsModel)
  2017-12-12 16:20:10 [INFO]-[org.springframework.web.servlet.mvc.method.annotation.RequestMappingHandlerMapping] Mapped "{[/goods/toQuery],methods=[GET]}" onto public java.lang.String com.jiagou.goodsweb.web.GoodsController.toQuery()
  2017-12-12 16:20:11 [INFO]-[org.springframework.web.servlet.mvc.method.annotation.RequestMappingHandlerAdapter] Looking for @ControllerAdvice: org.springframework.context.support.ClassPathXmlApplicationContext@33a10788: startup date [Tue Dec 12 16:20:03 CST 2017]; root of context hierarchy
  2017-12-12 16:20:11 [INFO]-[org.springframework.web.servlet.mvc.method.annotation.RequestMappingHandlerAdapter] Looking for @ControllerAdvice: org.springframework.context.support.ClassPathXmlApplicationContext@33a10788: startup date [Tue Dec 12 16:20:03 CST 2017]; root of context hierarchy
  2017-12-12 16:20:12 [INFO]-[com.alibaba.druid.pool.DruidDataSource] {dataSource-1} inited
  