2017-12-13 10:10:24 [INFO]-[org.springframework.context.support.ClassPathXmlApplicationContext] Refreshing org.springframework.context.support.ClassPathXmlApplicationContext@17d99928: startup date [Wed Dec 13 10:10:24 CST 2017]; root of context hierarchy
  2017-12-13 10:10:24 [INFO]-[org.springframework.beans.factory.xml.XmlBeanDefinitionReader] Loading XML bean definitions from class path resource [resources/spring.xml]
  2017-12-13 10:10:25 [INFO]-[org.springframework.beans.factory.xml.XmlBeanDefinitionReader] Loading XML bean definitions from class path resource [resources/spring-mvc.xml]
  2017-12-13 10:10:26 [INFO]-[org.springframework.context.support.PropertySourcesPlaceholderConfigurer] Loading properties file from class path resource [resources/db.properties]
  2017-12-13 10:10:27 [WARN]-[net.sf.ehcache.config.ConfigurationFactory] No configuration found. Configuring ehcache from ehcache-failsafe.xml  found in the classpath: jar:file:/G:/.m2/repository/net/sf/ehcache/ehcache/2.8.3/ehcache-2.8.3.jar!/ehcache-failsafe.xml
  2017-12-13 10:10:28 [INFO]-[org.springframework.web.servlet.handler.SimpleUrlHandlerMapping] Mapped URL path [/**] onto handler 'org.springframework.web.servlet.resource.DefaultServletHttpRequestHandler#0'
  2017-12-13 10:10:28 [INFO]-[org.springframework.web.servlet.handler.SimpleUrlHandlerMapping] Mapped URL path [/static/**] onto handler 'org.springframework.web.servlet.resource.ResourceHttpRequestHandler#0'
  2017-12-13 10:10:28 [INFO]-[org.springframework.web.servlet.mvc.method.annotation.RequestMappingHandlerMapping] Mapped "{[/cart/add],methods=[POST]}" onto public java.lang.String com.jiagou.cart.web.CartController.add(com.jiagou.cart.vo.CartModel)
  2017-12-13 10:10:28 [INFO]-[org.springframework.web.servlet.mvc.method.annotation.RequestMappingHandlerMapping] Mapped "{[/cart/toList],methods=[GET]}" onto public java.lang.String com.jiagou.cart.web.CartController.toList(com.jiagou.cart.web.CartWebModel,org.springframework.ui.Model)
  2017-12-13 10:10:28 [INFO]-[org.springframework.web.servlet.mvc.method.annotation.RequestMappingHandlerMapping] Mapped "{[/cart/toUpdate/{uuid}],methods=[GET]}" onto public java.lang.String com.jiagou.cart.web.CartController.toUpdate(org.springframework.ui.Model,int)
  2017-12-13 10:10:28 [INFO]-[org.springframework.web.servlet.mvc.method.annotation.RequestMappingHandlerMapping] Mapped "{[/cart/toAdd],methods=[GET]}" onto public java.lang.String com.jiagou.cart.web.CartController.toAdd()
  2017-12-13 10:10:28 [INFO]-[org.springframework.web.servlet.mvc.method.annotation.RequestMappingHandlerMapping] Mapped "{[/cart/delete],methods=[POST]}" onto public java.lang.String com.jiagou.cart.web.CartController.post(int)
  2017-12-13 10:10:28 [INFO]-[org.springframework.web.servlet.mvc.method.annotation.RequestMappingHandlerMapping] Mapped "{[/cart/update],methods=[POST]}" onto public java.lang.String com.jiagou.cart.web.CartController.post(com.jiagou.cart.vo.CartModel)
  2017-12-13 10:10:28 [INFO]-[org.springframework.web.servlet.mvc.method.annotation.RequestMappingHandlerMapping] Mapped "{[/cart/toDelete/{uuid}],methods=[GET]}" onto public java.lang.String com.jiagou.cart.web.CartController.toDelete(org.springframework.ui.Model,int)
  2017-12-13 10:10:28 [INFO]-[org.springframework.web.servlet.mvc.method.annotation.RequestMappingHandlerMapping] Mapped "{[/cart/toQuery],methods=[GET]}" onto public java.lang.String com.jiagou.cart.web.CartController.toQuery()
  2017-12-13 10:10:28 [INFO]-[org.springframework.web.servlet.mvc.method.annotation.RequestMappingHandlerAdapter] Looking for @ControllerAdvice: org.springframework.context.support.ClassPathXmlApplicationContext@17d99928: startup date [Wed Dec 13 10:10:24 CST 2017]; root of context hierarchy
  2017-12-13 10:10:28 [INFO]-[org.springframework.web.servlet.mvc.method.annotation.RequestMappingHandlerAdapter] Looking for @ControllerAdvice: org.springframework.context.support.ClassPathXmlApplicationContext@17d99928: startup date [Wed Dec 13 10:10:24 CST 2017]; root of context hierarchy
  2017-12-13 10:10:29 [INFO]-[com.alibaba.druid.pool.DruidDataSource] {dataSource-1} inited
  2017-12-13 10:11:21 [INFO]-[org.springframework.context.support.ClassPathXmlApplicationContext] Refreshing org.springframework.context.support.ClassPathXmlApplicationContext@17d99928: startup date [Wed Dec 13 10:11:21 CST 2017]; root of context hierarchy
  2017-12-13 10:11:21 [INFO]-[org.springframework.beans.factory.xml.XmlBeanDefinitionReader] Loading XML bean definitions from class path resource [resources/spring.xml]
  2017-12-13 10:11:21 [INFO]-[org.springframework.beans.factory.xml.XmlBeanDefinitionReader] Loading XML bean definitions from class path resource [resources/spring-mvc.xml]
  2017-12-13 10:11:22 [INFO]-[org.springframework.context.support.PropertySourcesPlaceholderConfigurer] Loading properties file from class path resource [resources/db.properties]
  2017-12-13 10:11:22 [WARN]-[net.sf.ehcache.config.ConfigurationFactory] No configuration found. Configuring ehcache from ehcache-failsafe.xml  found in the classpath: jar:file:/G:/.m2/repository/net/sf/ehcache/ehcache/2.8.3/ehcache-2.8.3.jar!/ehcache-failsafe.xml
  2017-12-13 10:11:22 [INFO]-[org.springframework.web.servlet.handler.SimpleUrlHandlerMapping] Mapped URL path [/**] onto handler 'org.springframework.web.servlet.resource.DefaultServletHttpRequestHandler#0'
  2017-12-13 10:11:22 [INFO]-[org.springframework.web.servlet.handler.SimpleUrlHandlerMapping] Mapped URL path [/static/**] onto handler 'org.springframework.web.servlet.resource.ResourceHttpRequestHandler#0'
  2017-12-13 10:11:22 [INFO]-[org.springframework.web.servlet.mvc.method.annotation.RequestMappingHandlerMapping] Mapped "{[/cart/add],methods=[POST]}" onto public java.lang.String com.jiagou.cart.web.CartController.add(com.jiagou.cart.vo.CartModel)
  2017-12-13 10:11:22 [INFO]-[org.springframework.web.servlet.mvc.method.annotation.RequestMappingHandlerMapping] Mapped "{[/cart/toList],methods=[GET]}" onto public java.lang.String com.jiagou.cart.web.CartController.toList(com.jiagou.cart.web.CartWebModel,org.springframework.ui.Model)
  2017-12-13 10:11:22 [INFO]-[org.springframework.web.servlet.mvc.method.annotation.RequestMappingHandlerMapping] Mapped "{[/cart/toUpdate/{uuid}],methods=[GET]}" onto public java.lang.String com.jiagou.cart.web.CartController.toUpdate(org.springframework.ui.Model,int)
  2017-12-13 10:11:22 [INFO]-[org.springframework.web.servlet.mvc.method.annotation.RequestMappingHandlerMapping] Mapped "{[/cart/toAdd],methods=[GET]}" onto public java.lang.String com.jiagou.cart.web.CartController.toAdd()
  2017-12-13 10:11:22 [INFO]-[org.springframework.web.servlet.mvc.method.annotation.RequestMappingHandlerMapping] Mapped "{[/cart/delete],methods=[POST]}" onto public java.lang.String com.jiagou.cart.web.CartController.post(int)
  2017-12-13 10:11:22 [INFO]-[org.springframework.web.servlet.mvc.method.annotation.RequestMappingHandlerMapping] Mapped "{[/cart/update],methods=[POST]}" onto public java.lang.String com.jiagou.cart.web.CartController.post(com.jiagou.cart.vo.CartModel)
  2017-12-13 10:11:22 [INFO]-[org.springframework.web.servlet.mvc.method.annotation.RequestMappingHandlerMapping] Mapped "{[/cart/toDelete/{uuid}],methods=[GET]}" onto public java.lang.String com.jiagou.cart.web.CartController.toDelete(org.springframework.ui.Model,int)
  2017-12-13 10:11:22 [INFO]-[org.springframework.web.servlet.mvc.method.annotation.RequestMappingHandlerMapping] Mapped "{[/cart/toQuery],methods=[GET]}" onto public java.lang.String com.jiagou.cart.web.CartController.toQuery()
  2017-12-13 10:11:22 [INFO]-[org.springframework.web.servlet.mvc.method.annotation.RequestMappingHandlerAdapter] Looking for @ControllerAdvice: org.springframework.context.support.ClassPathXmlApplicationContext@17d99928: startup date [Wed Dec 13 10:11:21 CST 2017]; root of context hierarchy
  2017-12-13 10:11:22 [INFO]-[org.springframework.web.servlet.mvc.method.annotation.RequestMappingHandlerAdapter] Looking for @ControllerAdvice: org.springframework.context.support.ClassPathXmlApplicationContext@17d99928: startup date [Wed Dec 13 10:11:21 CST 2017]; root of context hierarchy
  2017-12-13 10:11:23 [INFO]-[com.alibaba.druid.pool.DruidDataSource] {dataSource-1} inited
  2017-12-13 10:12:59 [INFO]-[org.springframework.context.support.ClassPathXmlApplicationContext] Refreshing org.springframework.context.support.ClassPathXmlApplicationContext@17d99928: startup date [Wed Dec 13 10:12:59 CST 2017]; root of context hierarchy
  2017-12-13 10:12:59 [INFO]-[org.springframework.beans.factory.xml.XmlBeanDefinitionReader] Loading XML bean definitions from class path resource [resources/spring.xml]
  2017-12-13 10:12:59 [INFO]-[org.springframework.beans.factory.xml.XmlBeanDefinitionReader] Loading XML bean definitions from class path resource [resources/spring-mvc.xml]
  2017-12-13 10:12:59 [INFO]-[org.springframework.context.support.PropertySourcesPlaceholderConfigurer] Loading properties file from class path resource [resources/db.properties]
  2017-12-13 10:13:00 [WARN]-[net.sf.ehcache.config.ConfigurationFactory] No configuration found. Configuring ehcache from ehcache-failsafe.xml  found in the classpath: jar:file:/G:/.m2/repository/net/sf/ehcache/ehcache/2.8.3/ehcache-2.8.3.jar!/ehcache-failsafe.xml
  2017-12-13 10:13:00 [INFO]-[org.springframework.web.servlet.handler.SimpleUrlHandlerMapping] Mapped URL path [/**] onto handler 'org.springframework.web.servlet.resource.DefaultServletHttpRequestHandler#0'
  2017-12-13 10:13:00 [INFO]-[org.springframework.web.servlet.handler.SimpleUrlHandlerMapping] Mapped URL path [/static/**] onto handler 'org.springframework.web.servlet.resource.ResourceHttpRequestHandler#0'
  2017-12-13 10:13:00 [INFO]-[org.springframework.web.servlet.mvc.method.annotation.RequestMappingHandlerMapping] Mapped "{[/cart/add],methods=[POST]}" onto public java.lang.String com.jiagou.cart.web.CartController.add(com.jiagou.cart.vo.CartModel)
  2017-12-13 10:13:00 [INFO]-[org.springframework.web.servlet.mvc.method.annotation.RequestMappingHandlerMapping] Mapped "{[/cart/toList],methods=[GET]}" onto public java.lang.String com.jiagou.cart.web.CartController.toList(com.jiagou.cart.web.CartWebModel,org.springframework.ui.Model)
  2017-12-13 10:13:00 [INFO]-[org.springframework.web.servlet.mvc.method.annotation.RequestMappingHandlerMapping] Mapped "{[/cart/toUpdate/{uuid}],methods=[GET]}" onto public java.lang.String com.jiagou.cart.web.CartController.toUpdate(org.springframework.ui.Model,int)
  2017-12-13 10:13:00 [INFO]-[org.springframework.web.servlet.mvc.method.annotation.RequestMappingHandlerMapping] Mapped "{[/cart/toAdd],methods=[GET]}" onto public java.lang.String com.jiagou.cart.web.CartController.toAdd()
  2017-12-13 10:13:00 [INFO]-[org.springframework.web.servlet.mvc.method.annotation.RequestMappingHandlerMapping] Mapped "{[/cart/delete],methods=[POST]}" onto public java.lang.String com.jiagou.cart.web.CartController.post(int)
  2017-12-13 10:13:00 [INFO]-[org.springframework.web.servlet.mvc.method.annotation.RequestMappingHandlerMapping] Mapped "{[/cart/update],methods=[POST]}" onto public java.lang.String com.jiagou.cart.web.CartController.post(com.jiagou.cart.vo.CartModel)
  2017-12-13 10:13:00 [INFO]-[org.springframework.web.servlet.mvc.method.annotation.RequestMappingHandlerMapping] Mapped "{[/cart/toDelete/{uuid}],methods=[GET]}" onto public java.lang.String com.jiagou.cart.web.CartController.toDelete(org.springframework.ui.Model,int)
  2017-12-13 10:13:00 [INFO]-[org.springframework.web.servlet.mvc.method.annotation.RequestMappingHandlerMapping] Mapped "{[/cart/toQuery],methods=[GET]}" onto public java.lang.String com.jiagou.cart.web.CartController.toQuery()
  2017-12-13 10:13:00 [INFO]-[org.springframework.web.servlet.mvc.method.annotation.RequestMappingHandlerAdapter] Looking for @ControllerAdvice: org.springframework.context.support.ClassPathXmlApplicationContext@17d99928: startup date [Wed Dec 13 10:12:59 CST 2017]; root of context hierarchy
  2017-12-13 10:13:00 [INFO]-[org.springframework.web.servlet.mvc.method.annotation.RequestMappingHandlerAdapter] Looking for @ControllerAdvice: org.springframework.context.support.ClassPathXmlApplicationContext@17d99928: startup date [Wed Dec 13 10:12:59 CST 2017]; root of context hierarchy
  2017-12-13 10:13:00 [INFO]-[com.alibaba.druid.pool.DruidDataSource] {dataSource-1} inited
  2017-12-13 10:13:44 [INFO]-[org.springframework.context.support.ClassPathXmlApplicationContext] Refreshing org.springframework.context.support.ClassPathXmlApplicationContext@17d99928: startup date [Wed Dec 13 10:13:44 CST 2017]; root of context hierarchy
  2017-12-13 10:13:44 [INFO]-[org.springframework.beans.factory.xml.XmlBeanDefinitionReader] Loading XML bean definitions from class path resource [resources/spring.xml]
  2017-12-13 10:13:44 [INFO]-[org.springframework.beans.factory.xml.XmlBeanDefinitionReader] Loading XML bean definitions from class path resource [resources/spring-mvc.xml]
  2017-12-13 10:13:44 [INFO]-[org.springframework.context.support.PropertySourcesPlaceholderConfigurer] Loading properties file from class path resource [resources/db.properties]
  2017-12-13 10:13:45 [WARN]-[net.sf.ehcache.config.ConfigurationFactory] No configuration found. Configuring ehcache from ehcache-failsafe.xml  found in the classpath: jar:file:/G:/.m2/repository/net/sf/ehcache/ehcache/2.8.3/ehcache-2.8.3.jar!/ehcache-failsafe.xml
  2017-12-13 10:13:45 [INFO]-[org.springframework.web.servlet.handler.SimpleUrlHandlerMapping] Mapped URL path [/**] onto handler 'org.springframework.web.servlet.resource.DefaultServletHttpRequestHandler#0'
  2017-12-13 10:13:45 [INFO]-[org.springframework.web.servlet.handler.SimpleUrlHandlerMapping] Mapped URL path [/static/**] onto handler 'org.springframework.web.servlet.resource.ResourceHttpRequestHandler#0'
  2017-12-13 10:13:45 [INFO]-[org.springframework.web.servlet.mvc.method.annotation.RequestMappingHandlerMapping] Mapped "{[/cart/add],methods=[POST]}" onto public java.lang.String com.jiagou.cart.web.CartController.add(com.jiagou.cart.vo.CartModel)
  2017-12-13 10:13:45 [INFO]-[org.springframework.web.servlet.mvc.method.annotation.RequestMappingHandlerMapping] Mapped "{[/cart/toList],methods=[GET]}" onto public java.lang.String com.jiagou.cart.web.CartController.toList(com.jiagou.cart.web.CartWebModel,org.springframework.ui.Model)
  2017-12-13 10:13:45 [INFO]-[org.springframework.web.servlet.mvc.method.annotation.RequestMappingHandlerMapping] Mapped "{[/cart/toUpdate/{uuid}],methods=[GET]}" onto public java.lang.String com.jiagou.cart.web.CartController.toUpdate(org.springframework.ui.Model,int)
  2017-12-13 10:13:45 [INFO]-[org.springframework.web.servlet.mvc.method.annotation.RequestMappingHandlerMapping] Mapped "{[/cart/toAdd],methods=[GET]}" onto public java.lang.String com.jiagou.cart.web.CartController.toAdd()
  2017-12-13 10:13:45 [INFO]-[org.springframework.web.servlet.mvc.method.annotation.RequestMappingHandlerMapping] Mapped "{[/cart/delete],methods=[POST]}" onto public java.lang.String com.jiagou.cart.web.CartController.post(int)
  2017-12-13 10:13:45 [INFO]-[org.springframework.web.servlet.mvc.method.annotation.RequestMappingHandlerMapping] Mapped "{[/cart/update],methods=[POST]}" onto public java.lang.String com.jiagou.cart.web.CartController.post(com.jiagou.cart.vo.CartModel)
  2017-12-13 10:13:45 [INFO]-[org.springframework.web.servlet.mvc.method.annotation.RequestMappingHandlerMapping] Mapped "{[/cart/toDelete/{uuid}],methods=[GET]}" onto public java.lang.String com.jiagou.cart.web.CartController.toDelete(org.springframework.ui.Model,int)
  2017-12-13 10:13:45 [INFO]-[org.springframework.web.servlet.mvc.method.annotation.RequestMappingHandlerMapping] Mapped "{[/cart/toQuery],methods=[GET]}" onto public java.lang.String com.jiagou.cart.web.CartController.toQuery()
  2017-12-13 10:13:45 [INFO]-[org.springframework.web.servlet.mvc.method.annotation.RequestMappingHandlerAdapter] Looking for @ControllerAdvice: org.springframework.context.support.ClassPathXmlApplicationContext@17d99928: startup date [Wed Dec 13 10:13:44 CST 2017]; root of context hierarchy
  2017-12-13 10:13:45 [INFO]-[org.springframework.web.servlet.mvc.method.annotation.RequestMappingHandlerAdapter] Looking for @ControllerAdvice: org.springframework.context.support.ClassPathXmlApplicationContext@17d99928: startup date [Wed Dec 13 10:13:44 CST 2017]; root of context hierarchy
  2017-12-13 10:13:45 [INFO]-[com.alibaba.druid.pool.DruidDataSource] {dataSource-1} inited
  2017-12-13 10:14:35 [INFO]-[org.springframework.context.support.ClassPathXmlApplicationContext] Refreshing org.springframework.context.support.ClassPathXmlApplicationContext@17d99928: startup date [Wed Dec 13 10:14:35 CST 2017]; root of context hierarchy
  2017-12-13 10:14:35 [INFO]-[org.springframework.beans.factory.xml.XmlBeanDefinitionReader] Loading XML bean definitions from class path resource [resources/spring.xml]
  2017-12-13 10:14:35 [INFO]-[org.springframework.beans.factory.xml.XmlBeanDefinitionReader] Loading XML bean definitions from class path resource [resources/spring-mvc.xml]
  2017-12-13 10:14:35 [INFO]-[org.springframework.context.support.PropertySourcesPlaceholderConfigurer] Loading properties file from class path resource [resources/db.properties]
  2017-12-13 10:14:36 [WARN]-[net.sf.ehcache.config.ConfigurationFactory] No configuration found. Configuring ehcache from ehcache-failsafe.xml  found in the classpath: jar:file:/G:/.m2/repository/net/sf/ehcache/ehcache/2.8.3/ehcache-2.8.3.jar!/ehcache-failsafe.xml
  2017-12-13 10:14:36 [INFO]-[org.springframework.web.servlet.handler.SimpleUrlHandlerMapping] Mapped URL path [/**] onto handler 'org.springframework.web.servlet.resource.DefaultServletHttpRequestHandler#0'
  2017-12-13 10:14:36 [INFO]-[org.springframework.web.servlet.handler.SimpleUrlHandlerMapping] Mapped URL path [/static/**] onto handler 'org.springframework.web.servlet.resource.ResourceHttpRequestHandler#0'
  2017-12-13 10:14:36 [INFO]-[org.springframework.web.servlet.mvc.method.annotation.RequestMappingHandlerMapping] Mapped "{[/cart/add],methods=[POST]}" onto public java.lang.String com.jiagou.cart.web.CartController.add(com.jiagou.cart.vo.CartModel)
  2017-12-13 10:14:36 [INFO]-[org.springframework.web.servlet.mvc.method.annotation.RequestMappingHandlerMapping] Mapped "{[/cart/toList],methods=[GET]}" onto public java.lang.String com.jiagou.cart.web.CartController.toList(com.jiagou.cart.web.CartWebModel,org.springframework.ui.Model)
  2017-12-13 10:14:36 [INFO]-[org.springframework.web.servlet.mvc.method.annotation.RequestMappingHandlerMapping] Mapped "{[/cart/toUpdate/{uuid}],methods=[GET]}" onto public java.lang.String com.jiagou.cart.web.CartController.toUpdate(org.springframework.ui.Model,int)
  2017-12-13 10:14:36 [INFO]-[org.springframework.web.servlet.mvc.method.annotation.RequestMappingHandlerMapping] Mapped "{[/cart/toAdd],methods=[GET]}" onto public java.lang.String com.jiagou.cart.web.CartController.toAdd()
  2017-12-13 10:14:36 [INFO]-[org.springframework.web.servlet.mvc.method.annotation.RequestMappingHandlerMapping] Mapped "{[/cart/delete],methods=[POST]}" onto public java.lang.String com.jiagou.cart.web.CartController.post(int)
  2017-12-13 10:14:36 [INFO]-[org.springframework.web.servlet.mvc.method.annotation.RequestMappingHandlerMapping] Mapped "{[/cart/update],methods=[POST]}" onto public java.lang.String com.jiagou.cart.web.CartController.post(com.jiagou.cart.vo.CartModel)
  2017-12-13 10:14:36 [INFO]-[org.springframework.web.servlet.mvc.method.annotation.RequestMappingHandlerMapping] Mapped "{[/cart/toDelete/{uuid}],methods=[GET]}" onto public java.lang.String com.jiagou.cart.web.CartController.toDelete(org.springframework.ui.Model,int)
  2017-12-13 10:14:36 [INFO]-[org.springframework.web.servlet.mvc.method.annotation.RequestMappingHandlerMapping] Mapped "{[/cart/toQuery],methods=[GET]}" onto public java.lang.String com.jiagou.cart.web.CartController.toQuery()
  2017-12-13 10:14:36 [INFO]-[org.springframework.web.servlet.mvc.method.annotation.RequestMappingHandlerAdapter] Looking for @ControllerAdvice: org.springframework.context.support.ClassPathXmlApplicationContext@17d99928: startup date [Wed Dec 13 10:14:35 CST 2017]; root of context hierarchy
  2017-12-13 10:14:36 [INFO]-[org.springframework.web.servlet.mvc.method.annotation.RequestMappingHandlerAdapter] Looking for @ControllerAdvice: org.springframework.context.support.ClassPathXmlApplicationContext@17d99928: startup date [Wed Dec 13 10:14:35 CST 2017]; root of context hierarchy
  2017-12-13 10:14:36 [INFO]-[com.alibaba.druid.pool.DruidDataSource] {dataSource-1} inited
  