2017-12-13 11:07:08 [INFO]-[org.springframework.context.support.ClassPathXmlApplicationContext] Refreshing org.springframework.context.support.ClassPathXmlApplicationContext@33a10788: startup date [Wed Dec 13 11:07:08 CST 2017]; root of context hierarchy
  2017-12-13 11:07:08 [INFO]-[org.springframework.beans.factory.xml.XmlBeanDefinitionReader] Loading XML bean definitions from class path resource [resources/spring.xml]
  2017-12-13 11:07:11 [INFO]-[org.springframework.beans.factory.xml.XmlBeanDefinitionReader] Loading XML bean definitions from class path resource [resources/spring-mvc.xml]
  2017-12-13 11:07:12 [INFO]-[org.springframework.context.support.PropertySourcesPlaceholderConfigurer] Loading properties file from class path resource [resources/db.properties]
  2017-12-13 11:07:18 [INFO]-[org.springframework.web.servlet.handler.SimpleUrlHandlerMapping] Mapped URL path [/**] onto handler 'org.springframework.web.servlet.resource.DefaultServletHttpRequestHandler#0'
  2017-12-13 11:07:18 [INFO]-[org.springframework.web.servlet.handler.SimpleUrlHandlerMapping] Mapped URL path [/static/**] onto handler 'org.springframework.web.servlet.resource.ResourceHttpRequestHandler#0'
  2017-12-13 11:07:18 [INFO]-[org.springframework.web.servlet.mvc.method.annotation.RequestMappingHandlerMapping] Mapped "{[/order/add],methods=[POST]}" onto public java.lang.String com.jiagou.order.web.OrderController.add(com.jiagou.order.vo.OrderModel)
  2017-12-13 11:07:18 [INFO]-[org.springframework.web.servlet.mvc.method.annotation.RequestMappingHandlerMapping] Mapped "{[/order/toList],methods=[GET]}" onto public java.lang.String com.jiagou.order.web.OrderController.toList(com.jiagou.order.web.OrderWebModel,org.springframework.ui.Model)
  2017-12-13 11:07:18 [INFO]-[org.springframework.web.servlet.mvc.method.annotation.RequestMappingHandlerMapping] Mapped "{[/order/toAdd],methods=[GET]}" onto public java.lang.String com.jiagou.order.web.OrderController.toAdd()
  2017-12-13 11:07:18 [INFO]-[org.springframework.web.servlet.mvc.method.annotation.RequestMappingHandlerMapping] Mapped "{[/order/toDelete/{uuid}],methods=[GET]}" onto public java.lang.String com.jiagou.order.web.OrderController.toDelete(org.springframework.ui.Model,int)
  2017-12-13 11:07:18 [INFO]-[org.springframework.web.servlet.mvc.method.annotation.RequestMappingHandlerMapping] Mapped "{[/order/delete],methods=[POST]}" onto public java.lang.String com.jiagou.order.web.OrderController.post(int)
  2017-12-13 11:07:18 [INFO]-[org.springframework.web.servlet.mvc.method.annotation.RequestMappingHandlerMapping] Mapped "{[/order/update],methods=[POST]}" onto public java.lang.String com.jiagou.order.web.OrderController.post(com.jiagou.order.vo.OrderModel)
  2017-12-13 11:07:18 [INFO]-[org.springframework.web.servlet.mvc.method.annotation.RequestMappingHandlerMapping] Mapped "{[/order/toUpdate/{uuid}],methods=[GET]}" onto public java.lang.String com.jiagou.order.web.OrderController.toUpdate(org.springframework.ui.Model,int)
  2017-12-13 11:07:18 [INFO]-[org.springframework.web.servlet.mvc.method.annotation.RequestMappingHandlerMapping] Mapped "{[/order/toQuery],methods=[GET]}" onto public java.lang.String com.jiagou.order.web.OrderController.toQuery()
  2017-12-13 11:07:18 [INFO]-[org.springframework.web.servlet.mvc.method.annotation.RequestMappingHandlerMapping] Mapped "{[/orderDetail/add],methods=[POST]}" onto public java.lang.String com.jiagou.order.web.OrderDetailController.add(com.jiagou.order.vo.OrderDetailModel)
  2017-12-13 11:07:18 [INFO]-[org.springframework.web.servlet.mvc.method.annotation.RequestMappingHandlerMapping] Mapped "{[/orderDetail/toList],methods=[GET]}" onto public java.lang.String com.jiagou.order.web.OrderDetailController.toList(com.jiagou.order.web.OrderDetailWebModel,org.springframework.ui.Model)
  2017-12-13 11:07:18 [INFO]-[org.springframework.web.servlet.mvc.method.annotation.RequestMappingHandlerMapping] Mapped "{[/orderDetail/toAdd],methods=[GET]}" onto public java.lang.String com.jiagou.order.web.OrderDetailController.toAdd()
  2017-12-13 11:07:18 [INFO]-[org.springframework.web.servlet.mvc.method.annotation.RequestMappingHandlerMapping] Mapped "{[/orderDetail/toDelete/{uuid}],methods=[GET]}" onto public java.lang.String com.jiagou.order.web.OrderDetailController.toDelete(org.springframework.ui.Model,int)
  2017-12-13 11:07:18 [INFO]-[org.springframework.web.servlet.mvc.method.annotation.RequestMappingHandlerMapping] Mapped "{[/orderDetail/delete],methods=[POST]}" onto public java.lang.String com.jiagou.order.web.OrderDetailController.post(int)
  2017-12-13 11:07:18 [INFO]-[org.springframework.web.servlet.mvc.method.annotation.RequestMappingHandlerMapping] Mapped "{[/orderDetail/update],methods=[POST]}" onto public java.lang.String com.jiagou.order.web.OrderDetailController.post(com.jiagou.order.vo.OrderDetailModel)
  2017-12-13 11:07:18 [INFO]-[org.springframework.web.servlet.mvc.method.annotation.RequestMappingHandlerMapping] Mapped "{[/orderDetail/toUpdate/{uuid}],methods=[GET]}" onto public java.lang.String com.jiagou.order.web.OrderDetailController.toUpdate(org.springframework.ui.Model,int)
  2017-12-13 11:07:18 [INFO]-[org.springframework.web.servlet.mvc.method.annotation.RequestMappingHandlerMapping] Mapped "{[/orderDetail/toQuery],methods=[GET]}" onto public java.lang.String com.jiagou.order.web.OrderDetailController.toQuery()
  2017-12-13 11:07:20 [INFO]-[org.springframework.web.servlet.mvc.method.annotation.RequestMappingHandlerAdapter] Looking for @ControllerAdvice: org.springframework.context.support.ClassPathXmlApplicationContext@33a10788: startup date [Wed Dec 13 11:07:08 CST 2017]; root of context hierarchy
  2017-12-13 11:07:20 [INFO]-[org.springframework.web.servlet.mvc.method.annotation.RequestMappingHandlerAdapter] Looking for @ControllerAdvice: org.springframework.context.support.ClassPathXmlApplicationContext@33a10788: startup date [Wed Dec 13 11:07:08 CST 2017]; root of context hierarchy
  2017-12-13 11:07:21 [INFO]-[com.alibaba.druid.pool.DruidDataSource] {dataSource-1} inited
  