2017-12-13 09:28:45 [INFO]-[org.springframework.web.context.ContextLoader] Root WebApplicationContext: initialization started
  2017-12-13 09:28:45 [INFO]-[org.springframework.web.context.support.XmlWebApplicationContext] Refreshing Root WebApplicationContext: startup date [Wed Dec 13 09:28:45 CST 2017]; root of context hierarchy
  2017-12-13 09:28:46 [INFO]-[org.springframework.beans.factory.xml.XmlBeanDefinitionReader] Loading XML bean definitions from class path resource [resources/spring.xml]
  2017-12-13 09:28:46 [INFO]-[org.springframework.context.support.PropertySourcesPlaceholderConfigurer] Loading properties file from class path resource [resources/db.properties]
  2017-12-13 09:28:46 [INFO]-[org.springframework.beans.factory.annotation.AutowiredAnnotationBeanPostProcessor] JSR-330 'javax.inject.Inject' annotation found and supported for autowiring
  2017-12-13 09:28:47 [WARN]-[net.sf.ehcache.config.ConfigurationFactory] No configuration found. Configuring ehcache from ehcache-failsafe.xml  found in the classpath: jar:file:/G:/.m2/repository/net/sf/ehcache/ehcache/2.8.3/ehcache-2.8.3.jar!/ehcache-failsafe.xml
  2017-12-13 09:28:47 [INFO]-[org.springframework.web.context.ContextLoader] Root WebApplicationContext: initialization completed in 2081 ms
  2017-12-13 09:28:48 [INFO]-[org.springframework.web.servlet.DispatcherServlet] FrameworkServlet 'springmvc': initialization started
  2017-12-13 09:28:48 [INFO]-[org.springframework.web.context.support.XmlWebApplicationContext] Refreshing WebApplicationContext for namespace 'springmvc-servlet': startup date [Wed Dec 13 09:28:48 CST 2017]; parent: Root WebApplicationContext
  2017-12-13 09:28:48 [INFO]-[org.springframework.beans.factory.xml.XmlBeanDefinitionReader] Loading XML bean definitions from class path resource [resources/spring-mvc.xml]
  2017-12-13 09:28:48 [INFO]-[org.springframework.beans.factory.annotation.AutowiredAnnotationBeanPostProcessor] JSR-330 'javax.inject.Inject' annotation found and supported for autowiring
  2017-12-13 09:28:48 [INFO]-[org.springframework.web.servlet.handler.SimpleUrlHandlerMapping] Mapped URL path [/**] onto handler 'org.springframework.web.servlet.resource.DefaultServletHttpRequestHandler#0'
  2017-12-13 09:28:48 [INFO]-[org.springframework.web.servlet.handler.SimpleUrlHandlerMapping] Mapped URL path [/static/**] onto handler 'org.springframework.web.servlet.resource.ResourceHttpRequestHandler#0'
  2017-12-13 09:28:48 [INFO]-[org.springframework.web.servlet.mvc.method.annotation.RequestMappingHandlerMapping] Mapped "{[/toIndex],methods=[GET]}" onto public java.lang.String com.jiagou.front.IndexController.toIndex(org.springframework.ui.Model)
  2017-12-13 09:28:48 [INFO]-[org.springframework.web.servlet.mvc.method.annotation.RequestMappingHandlerMapping] Mapped "{[/toGoodsDesc/{goodsUuid}],methods=[GET]}" onto public java.lang.String com.jiagou.front.IndexController.toGoodsDesc(org.springframework.ui.Model,int)
  2017-12-13 09:28:48 [INFO]-[org.springframework.web.servlet.mvc.method.annotation.RequestMappingHandlerMapping] Mapped "{[/addToCart/{goodsUuid}],methods=[GET]}" onto public java.lang.String com.jiagou.front.IndexController.addToCart(org.springframework.ui.Model,int,java.lang.String)
  2017-12-13 09:28:48 [INFO]-[org.springframework.web.servlet.mvc.method.annotation.RequestMappingHandlerMapping] Mapped "{[/toCart],methods=[GET]}" onto public java.lang.String com.jiagou.front.IndexController.toCart(org.springframework.ui.Model,java.lang.String)
  2017-12-13 09:28:48 [INFO]-[org.springframework.web.servlet.mvc.method.annotation.RequestMappingHandlerMapping] Mapped "{[/toLogin],methods=[GET]}" onto public java.lang.String com.jiagou.front.LoginController.toLogin()
  2017-12-13 09:28:48 [INFO]-[org.springframework.web.servlet.mvc.method.annotation.RequestMappingHandlerMapping] Mapped "{[/login],methods=[POST]}" onto public java.lang.String com.jiagou.front.LoginController.login(java.lang.String,java.lang.String,javax.servlet.http.HttpServletResponse)
  2017-12-13 09:28:48 [INFO]-[org.springframework.web.servlet.mvc.method.annotation.RequestMappingHandlerMapping] Mapped "{[/cart/add],methods=[POST]}" onto public java.lang.String com.jiagou.cart.web.CartController.add(com.jiagou.cart.vo.CartModel)
  2017-12-13 09:28:48 [INFO]-[org.springframework.web.servlet.mvc.method.annotation.RequestMappingHandlerMapping] Mapped "{[/cart/delete],methods=[POST]}" onto public java.lang.String com.jiagou.cart.web.CartController.post(int)
  2017-12-13 09:28:48 [INFO]-[org.springframework.web.servlet.mvc.method.annotation.RequestMappingHandlerMapping] Mapped "{[/cart/update],methods=[POST]}" onto public java.lang.String com.jiagou.cart.web.CartController.post(com.jiagou.cart.vo.CartModel)
  2017-12-13 09:28:48 [INFO]-[org.springframework.web.servlet.mvc.method.annotation.RequestMappingHandlerMapping] Mapped "{[/cart/toList],methods=[GET]}" onto public java.lang.String com.jiagou.cart.web.CartController.toList(com.jiagou.cart.web.CartWebModel,org.springframework.ui.Model)
  2017-12-13 09:28:48 [INFO]-[org.springframework.web.servlet.mvc.method.annotation.RequestMappingHandlerMapping] Mapped "{[/cart/toAdd],methods=[GET]}" onto public java.lang.String com.jiagou.cart.web.CartController.toAdd()
  2017-12-13 09:28:48 [INFO]-[org.springframework.web.servlet.mvc.method.annotation.RequestMappingHandlerMapping] Mapped "{[/cart/toDelete/{uuid}],methods=[GET]}" onto public java.lang.String com.jiagou.cart.web.CartController.toDelete(org.springframework.ui.Model,int)
  2017-12-13 09:28:48 [INFO]-[org.springframework.web.servlet.mvc.method.annotation.RequestMappingHandlerMapping] Mapped "{[/cart/toUpdate/{uuid}],methods=[GET]}" onto public java.lang.String com.jiagou.cart.web.CartController.toUpdate(org.springframework.ui.Model,int)
  2017-12-13 09:28:48 [INFO]-[org.springframework.web.servlet.mvc.method.annotation.RequestMappingHandlerMapping] Mapped "{[/cart/toQuery],methods=[GET]}" onto public java.lang.String com.jiagou.cart.web.CartController.toQuery()
  2017-12-13 09:28:48 [INFO]-[org.springframework.web.servlet.mvc.method.annotation.RequestMappingHandlerMapping] Mapped "{[/customer/add],methods=[POST]}" onto public java.lang.String com.jiagou.customermgr.web.CustomerController.add(com.jiagou.customermgr.vo.CustomerModel)
  2017-12-13 09:28:48 [INFO]-[org.springframework.web.servlet.mvc.method.annotation.RequestMappingHandlerMapping] Mapped "{[/customer/delete],methods=[POST]}" onto public java.lang.String com.jiagou.customermgr.web.CustomerController.post(int)
  2017-12-13 09:28:48 [INFO]-[org.springframework.web.servlet.mvc.method.annotation.RequestMappingHandlerMapping] Mapped "{[/customer/update],methods=[POST]}" onto public java.lang.String com.jiagou.customermgr.web.CustomerController.post(com.jiagou.customermgr.vo.CustomerModel)
  2017-12-13 09:28:48 [INFO]-[org.springframework.web.servlet.mvc.method.annotation.RequestMappingHandlerMapping] Mapped "{[/customer/toList],methods=[GET]}" onto public java.lang.String com.jiagou.customermgr.web.CustomerController.toList(com.jiagou.customermgr.web.CustomerWebModel,org.springframework.ui.Model)
  2017-12-13 09:28:48 [INFO]-[org.springframework.web.servlet.mvc.method.annotation.RequestMappingHandlerMapping] Mapped "{[/customer/toAdd],methods=[GET]}" onto public java.lang.String com.jiagou.customermgr.web.CustomerController.toAdd()
  2017-12-13 09:28:48 [INFO]-[org.springframework.web.servlet.mvc.method.annotation.RequestMappingHandlerMapping] Mapped "{[/customer/toDelete/{customerUuid}],methods=[GET]}" onto public java.lang.String com.jiagou.customermgr.web.CustomerController.toDelete(org.springframework.ui.Model,int)
  2017-12-13 09:28:48 [INFO]-[org.springframework.web.servlet.mvc.method.annotation.RequestMappingHandlerMapping] Mapped "{[/customer/toUpdate/{customerUuid}],methods=[GET]}" onto public java.lang.String com.jiagou.customermgr.web.CustomerController.toUpdate(org.springframework.ui.Model,int)
  2017-12-13 09:28:48 [INFO]-[org.springframework.web.servlet.mvc.method.annotation.RequestMappingHandlerMapping] Mapped "{[/customer/toQuery],methods=[GET]}" onto public java.lang.String com.jiagou.customermgr.web.CustomerController.toQuery()
  2017-12-13 09:28:48 [INFO]-[org.springframework.web.servlet.mvc.method.annotation.RequestMappingHandlerMapping] Mapped "{[/order/add],methods=[POST]}" onto public java.lang.String com.jiagou.order.web.OrderController.add(com.jiagou.order.vo.OrderModel)
  2017-12-13 09:28:48 [INFO]-[org.springframework.web.servlet.mvc.method.annotation.RequestMappingHandlerMapping] Mapped "{[/order/delete],methods=[POST]}" onto public java.lang.String com.jiagou.order.web.OrderController.post(int)
  2017-12-13 09:28:48 [INFO]-[org.springframework.web.servlet.mvc.method.annotation.RequestMappingHandlerMapping] Mapped "{[/order/update],methods=[POST]}" onto public java.lang.String com.jiagou.order.web.OrderController.post(com.jiagou.order.vo.OrderModel)
  2017-12-13 09:28:48 [INFO]-[org.springframework.web.servlet.mvc.method.annotation.RequestMappingHandlerMapping] Mapped "{[/order/toList],methods=[GET]}" onto public java.lang.String com.jiagou.order.web.OrderController.toList(com.jiagou.order.web.OrderWebModel,org.springframework.ui.Model)
  2017-12-13 09:28:48 [INFO]-[org.springframework.web.servlet.mvc.method.annotation.RequestMappingHandlerMapping] Mapped "{[/order/toAdd],methods=[GET]}" onto public java.lang.String com.jiagou.order.web.OrderController.toAdd()
  2017-12-13 09:28:48 [INFO]-[org.springframework.web.servlet.mvc.method.annotation.RequestMappingHandlerMapping] Mapped "{[/order/toDelete/{uuid}],methods=[GET]}" onto public java.lang.String com.jiagou.order.web.OrderController.toDelete(org.springframework.ui.Model,int)
  2017-12-13 09:28:48 [INFO]-[org.springframework.web.servlet.mvc.method.annotation.RequestMappingHandlerMapping] Mapped "{[/order/toUpdate/{uuid}],methods=[GET]}" onto public java.lang.String com.jiagou.order.web.OrderController.toUpdate(org.springframework.ui.Model,int)
  2017-12-13 09:28:48 [INFO]-[org.springframework.web.servlet.mvc.method.annotation.RequestMappingHandlerMapping] Mapped "{[/order/toQuery],methods=[GET]}" onto public java.lang.String com.jiagou.order.web.OrderController.toQuery()
  2017-12-13 09:28:48 [INFO]-[org.springframework.web.servlet.mvc.method.annotation.RequestMappingHandlerMapping] Mapped "{[/orderDetail/add],methods=[POST]}" onto public java.lang.String com.jiagou.order.web.OrderDetailController.add(com.jiagou.order.vo.OrderDetailModel)
  2017-12-13 09:28:48 [INFO]-[org.springframework.web.servlet.mvc.method.annotation.RequestMappingHandlerMapping] Mapped "{[/orderDetail/delete],methods=[POST]}" onto public java.lang.String com.jiagou.order.web.OrderDetailController.post(int)
  2017-12-13 09:28:48 [INFO]-[org.springframework.web.servlet.mvc.method.annotation.RequestMappingHandlerMapping] Mapped "{[/orderDetail/update],methods=[POST]}" onto public java.lang.String com.jiagou.order.web.OrderDetailController.post(com.jiagou.order.vo.OrderDetailModel)
  2017-12-13 09:28:48 [INFO]-[org.springframework.web.servlet.mvc.method.annotation.RequestMappingHandlerMapping] Mapped "{[/orderDetail/toList],methods=[GET]}" onto public java.lang.String com.jiagou.order.web.OrderDetailController.toList(com.jiagou.order.web.OrderDetailWebModel,org.springframework.ui.Model)
  2017-12-13 09:28:48 [INFO]-[org.springframework.web.servlet.mvc.method.annotation.RequestMappingHandlerMapping] Mapped "{[/orderDetail/toAdd],methods=[GET]}" onto public java.lang.String com.jiagou.order.web.OrderDetailController.toAdd()
  2017-12-13 09:28:48 [INFO]-[org.springframework.web.servlet.mvc.method.annotation.RequestMappingHandlerMapping] Mapped "{[/orderDetail/toDelete/{uuid}],methods=[GET]}" onto public java.lang.String com.jiagou.order.web.OrderDetailController.toDelete(org.springframework.ui.Model,int)
  2017-12-13 09:28:48 [INFO]-[org.springframework.web.servlet.mvc.method.annotation.RequestMappingHandlerMapping] Mapped "{[/orderDetail/toUpdate/{uuid}],methods=[GET]}" onto public java.lang.String com.jiagou.order.web.OrderDetailController.toUpdate(org.springframework.ui.Model,int)
  2017-12-13 09:28:48 [INFO]-[org.springframework.web.servlet.mvc.method.annotation.RequestMappingHandlerMapping] Mapped "{[/orderDetail/toQuery],methods=[GET]}" onto public java.lang.String com.jiagou.order.web.OrderDetailController.toQuery()
  2017-12-13 09:28:48 [INFO]-[org.springframework.web.servlet.mvc.method.annotation.RequestMappingHandlerMapping] Mapped "{[/store/add],methods=[POST]}" onto public java.lang.String com.jiagou.store.web.StoreController.add(com.jiagou.store.vo.StoreModel)
  2017-12-13 09:28:48 [INFO]-[org.springframework.web.servlet.mvc.method.annotation.RequestMappingHandlerMapping] Mapped "{[/store/delete],methods=[POST]}" onto public java.lang.String com.jiagou.store.web.StoreController.post(int)
  2017-12-13 09:28:48 [INFO]-[org.springframework.web.servlet.mvc.method.annotation.RequestMappingHandlerMapping] Mapped "{[/store/update],methods=[POST]}" onto public java.lang.String com.jiagou.store.web.StoreController.post(com.jiagou.store.vo.StoreModel)
  2017-12-13 09:28:48 [INFO]-[org.springframework.web.servlet.mvc.method.annotation.RequestMappingHandlerMapping] Mapped "{[/store/toList],methods=[GET]}" onto public java.lang.String com.jiagou.store.web.StoreController.toList(com.jiagou.store.web.StoreWebModel,org.springframework.ui.Model)
  2017-12-13 09:28:48 [INFO]-[org.springframework.web.servlet.mvc.method.annotation.RequestMappingHandlerMapping] Mapped "{[/store/toAdd],methods=[GET]}" onto public java.lang.String com.jiagou.store.web.StoreController.toAdd()
  2017-12-13 09:28:48 [INFO]-[org.springframework.web.servlet.mvc.method.annotation.RequestMappingHandlerMapping] Mapped "{[/store/toDelete/{uuid}],methods=[GET]}" onto public java.lang.String com.jiagou.store.web.StoreController.toDelete(org.springframework.ui.Model,int)
  2017-12-13 09:28:48 [INFO]-[org.springframework.web.servlet.mvc.method.annotation.RequestMappingHandlerMapping] Mapped "{[/store/toUpdate/{uuid}],methods=[GET]}" onto public java.lang.String com.jiagou.store.web.StoreController.toUpdate(org.springframework.ui.Model,int)
  2017-12-13 09:28:48 [INFO]-[org.springframework.web.servlet.mvc.method.annotation.RequestMappingHandlerMapping] Mapped "{[/store/toQuery],methods=[GET]}" onto public java.lang.String com.jiagou.store.web.StoreController.toQuery()
  2017-12-13 09:28:48 [INFO]-[org.springframework.web.servlet.mvc.method.annotation.RequestMappingHandlerMapping] Mapped "{[/goods/add],methods=[POST]}" onto public java.lang.String com.jiagou.goodsweb.web.GoodsController.add(com.jiagou.goodsweb.vo.GoodsModel)
  2017-12-13 09:28:48 [INFO]-[org.springframework.web.servlet.mvc.method.annotation.RequestMappingHandlerMapping] Mapped "{[/goods/delete],methods=[POST]}" onto public java.lang.String com.jiagou.goodsweb.web.GoodsController.post(int)
  2017-12-13 09:28:48 [INFO]-[org.springframework.web.servlet.mvc.method.annotation.RequestMappingHandlerMapping] Mapped "{[/goods/update],methods=[POST]}" onto public java.lang.String com.jiagou.goodsweb.web.GoodsController.post(com.jiagou.goodsweb.vo.GoodsModel)
  2017-12-13 09:28:48 [INFO]-[org.springframework.web.servlet.mvc.method.annotation.RequestMappingHandlerMapping] Mapped "{[/goods/toList],methods=[GET]}" onto public java.lang.String com.jiagou.goodsweb.web.GoodsController.toList(com.jiagou.goodsweb.web.GoodsWebModel,org.springframework.ui.Model)
  2017-12-13 09:28:48 [INFO]-[org.springframework.web.servlet.mvc.method.annotation.RequestMappingHandlerMapping] Mapped "{[/goods/toAdd],methods=[GET]}" onto public java.lang.String com.jiagou.goodsweb.web.GoodsController.toAdd()
  2017-12-13 09:28:48 [INFO]-[org.springframework.web.servlet.mvc.method.annotation.RequestMappingHandlerMapping] Mapped "{[/goods/toDelete/{uuid}],methods=[GET]}" onto public java.lang.String com.jiagou.goodsweb.web.GoodsController.toDelete(org.springframework.ui.Model,int)
  2017-12-13 09:28:48 [INFO]-[org.springframework.web.servlet.mvc.method.annotation.RequestMappingHandlerMapping] Mapped "{[/goods/toUpdate/{uuid}],methods=[GET]}" onto public java.lang.String com.jiagou.goodsweb.web.GoodsController.toUpdate(org.springframework.ui.Model,int)
  2017-12-13 09:28:48 [INFO]-[org.springframework.web.servlet.mvc.method.annotation.RequestMappingHandlerMapping] Mapped "{[/goods/toQuery],methods=[GET]}" onto public java.lang.String com.jiagou.goodsweb.web.GoodsController.toQuery()
  2017-12-13 09:28:49 [INFO]-[org.springframework.web.servlet.mvc.method.annotation.RequestMappingHandlerAdapter] Looking for @ControllerAdvice: WebApplicationContext for namespace 'springmvc-servlet': startup date [Wed Dec 13 09:28:48 CST 2017]; parent: Root WebApplicationContext
  2017-12-13 09:28:49 [INFO]-[org.springframework.web.servlet.mvc.method.annotation.RequestMappingHandlerAdapter] Looking for @ControllerAdvice: WebApplicationContext for namespace 'springmvc-servlet': startup date [Wed Dec 13 09:28:48 CST 2017]; parent: Root WebApplicationContext
  2017-12-13 09:28:49 [INFO]-[org.springframework.web.servlet.DispatcherServlet] FrameworkServlet 'springmvc': initialization completed in 1306 ms
  2017-12-13 09:29:44 [INFO]-[com.alibaba.druid.pool.DruidDataSource] {dataSource-1} inited
  